\BOOKMARK [1][-]{section.1}{Introduction}{}% 1
\BOOKMARK [1][-]{section.2}{Experimental settings and planning}{}% 2
\BOOKMARK [2][-]{subsection.2.1}{Hardware and software}{section.2}% 3
\BOOKMARK [2][-]{subsection.2.2}{Experiment structure}{section.2}% 4
\BOOKMARK [1][-]{section.3}{Preprocessing}{}% 5
\BOOKMARK [2][-]{subsection.3.1}{Entropy and Class Distribution}{section.3}% 6
\BOOKMARK [2][-]{subsection.3.2}{Information Gain of Attributes}{section.3}% 7
\BOOKMARK [1][-]{section.4}{Naive Bayes}{}% 8
\BOOKMARK [2][-]{subsection.4.1}{Gaussian Naive Bayes}{section.4}% 9
\BOOKMARK [3][-]{subsubsection.4.1.1}{Accuracy Testing}{subsection.4.1}% 10
\BOOKMARK [3][-]{subsubsection.4.1.2}{Cross Validation}{subsection.4.1}% 11
\BOOKMARK [3][-]{subsubsection.4.1.3}{Learning curve}{subsection.4.1}% 12
\BOOKMARK [2][-]{subsection.4.2}{Multinomial Naive Bayes}{section.4}% 13
\BOOKMARK [3][-]{subsubsection.4.2.1}{Accuracy Testing}{subsection.4.2}% 14
\BOOKMARK [3][-]{subsubsection.4.2.2}{Cross validation}{subsection.4.2}% 15
\BOOKMARK [3][-]{subsubsection.4.2.3}{Learning curve}{subsection.4.2}% 16
\BOOKMARK [1][-]{section.5}{Neural Networks}{}% 17
\BOOKMARK [2][-]{subsection.5.1}{Parameters selection}{section.5}% 18
\BOOKMARK [2][-]{subsection.5.2}{Accuracy Testing}{section.5}% 19
\BOOKMARK [2][-]{subsection.5.3}{Cross validation}{section.5}% 20
\BOOKMARK [2][-]{subsection.5.4}{Learning curve}{section.5}% 21
\BOOKMARK [1][-]{section.6}{Decision Tree}{}% 22
\BOOKMARK [2][-]{subsection.6.1}{Parameters selection}{section.6}% 23
\BOOKMARK [2][-]{subsection.6.2}{Accuracy Testing}{section.6}% 24
\BOOKMARK [2][-]{subsection.6.3}{Cross validation}{section.6}% 25
\BOOKMARK [2][-]{subsection.6.4}{Learning curve}{section.6}% 26
\BOOKMARK [1][-]{section.7}{Random forest}{}% 27
\BOOKMARK [2][-]{subsection.7.1}{Parameters selection}{section.7}% 28
\BOOKMARK [2][-]{subsection.7.2}{Accuracy testing}{section.7}% 29
\BOOKMARK [2][-]{subsection.7.3}{Cross validation}{section.7}% 30
\BOOKMARK [2][-]{subsection.7.4}{Learning curve}{section.7}% 31
\BOOKMARK [1][-]{section.8}{Models comparison}{}% 32
